<?xml version="1.0" encoding="UTF-8"?>
<!-- Generated by org.testng.reporters.JUnitReportReporter -->
<testsuite hostname="LAPTOP-98VM7U93" failures="0" tests="1" name="V_tiger.TC_03_Test" time="10.909" errors="0" timestamp="2023-07-05T09:32:52 IST" skipped="0">
  <testcase classname="V_tiger.TC_03_Test" name="createContact" time="10.909"/>
  <system-out/>
</testsuite> <!-- V_tiger.TC_03_Test -->
