<?xml version="1.0" encoding="UTF-8"?>
<!-- Generated by org.testng.reporters.JUnitReportReporter -->
<testsuite hostname="LAPTOP-98VM7U93" failures="0" tests="1" name="V_tiger.TC_06_Test" time="5.154" errors="0" timestamp="2023-07-05T09:32:20 IST" skipped="0">
  <testcase classname="V_tiger.TC_06_Test" name="deleteleads" time="5.154"/>
  <system-out/>
</testsuite> <!-- V_tiger.TC_06_Test -->
