<?xml version="1.0" encoding="UTF-8"?>
<!-- Generated by org.testng.reporters.JUnitReportReporter -->
<testsuite hostname="LAPTOP-3PKIGPSN" failures="0" tests="2" name="V_tiger.TC_05" time="48.275" errors="0" timestamp="2023-06-27T16:38:03 IST" skipped="0">
  <testcase classname="V_tiger.TC_05" name="createLeadsWithMandatoryTF" time="32.847"/>
  <system-out/>
  <testcase classname="V_tiger.TC_05" name="createLeadsWithMandatoryTF" time="15.428"/>
  <system-out/>
</testsuite> <!-- V_tiger.TC_05 -->
