<?xml version="1.0" encoding="UTF-8"?>
<!-- Generated by org.testng.reporters.JUnitReportReporter -->
<testsuite hostname="LAPTOP-98VM7U93" failures="0" tests="1" name="V_tiger.TC_01_Test" time="7.925" errors="0" timestamp="2023-07-04T10:03:27 IST" skipped="0">
  <testcase classname="V_tiger.TC_01_Test" name="createOraganization" time="7.925"/>
  <system-out/>
</testsuite> <!-- V_tiger.TC_01_Test -->
